INFO:root:[2020-04-20 23:15:54] Started on port 1949
INFO:root:[2020-04-20 23:16:19] Started on port 1949
INFO:root:[2020-04-20 23:17:01] Received GET request: /
INFO:root:[2020-04-20 23:17:30] Started on port 1949
INFO:root:[2020-04-20 23:17:41] Received GET request: /
INFO:root:[2020-04-20 23:21:09] Started on port 1949
INFO:root:[2020-04-20 23:21:59] Started on port 1949
INFO:root:[2020-04-20 23:22:01] Received GET request: /
INFO:root:[2020-04-20 23:25:50] Started on port 1949
INFO:root:[2020-04-20 23:25:53] Received GET request: /
INFO:root:[2020-04-20 23:28:14] Started on port 1949
INFO:root:[2020-04-20 23:28:16] Received GET request: /
INFO:root:[2020-04-20 23:28:16] Missing parameters
INFO:root:[2020-04-20 23:28:35] Received GET request: /
INFO:root:[2020-04-20 23:28:35] Missing parameters
INFO:root:[2020-04-20 23:28:35] Received GET request: /favicon.ico
INFO:root:[2020-04-20 23:28:35] Missing parameters
INFO:root:[2020-04-20 23:29:24] Started on port 1949
INFO:root:[2020-04-20 23:29:26] Received GET request: /
INFO:root:[2020-04-20 23:29:26] Missing parameters
INFO:root:[2020-04-20 23:29:42] Received GET request: /test=352/35235
INFO:root:[2020-04-20 23:29:42] Missing parameters
